{"C:\\Users\\Pichau\\Desktop\\projetos\\fullstack\\convert-money\\lib\\bcb-api.js": {"path":"C:\\Users\\Pichau\\Desktop\\projetos\\fullstack\\convert-money\\lib\\bcb-api.js","statementMap":{"0":{"start":{"line":1,"column":14},"end":{"line":1,"column":30}},"1":{"start":{"line":3,"column":15},"end":{"line":3,"column":108}},"2":{"start":{"line":3,"column":23},"end":{"line":3,"column":108}},"3":{"start":{"line":4,"column":22},"end":{"line":4,"column":45}},"4":{"start":{"line":4,"column":31},"end":{"line":4,"column":45}},"5":{"start":{"line":5,"column":23},"end":{"line":5,"column":41}},"6":{"start":{"line":5,"column":30},"end":{"line":5,"column":41}},"7":{"start":{"line":6,"column":17},"end":{"line":12,"column":1}},"8":{"start":{"line":7,"column":18},"end":{"line":7,"column":28}},"9":{"start":{"line":8,"column":16},"end":{"line":8,"column":49}},"10":{"start":{"line":9,"column":18},"end":{"line":9,"column":56}},"11":{"start":{"line":10,"column":17},"end":{"line":10,"column":36}},"12":{"start":{"line":11,"column":4},"end":{"line":11,"column":31}},"13":{"start":{"line":16,"column":19},"end":{"line":27,"column":1}},"14":{"start":{"line":16,"column":76},"end":{"line":27,"column":1}},"15":{"start":{"line":17,"column":4},"end":{"line":26,"column":5}},"16":{"start":{"line":18,"column":22},"end":{"line":18,"column":32}},"17":{"start":{"line":19,"column":20},"end":{"line":19,"column":33}},"18":{"start":{"line":20,"column":20},"end":{"line":20,"column":44}},"19":{"start":{"line":21,"column":24},"end":{"line":21,"column":43}},"20":{"start":{"line":22,"column":8},"end":{"line":22,"column":22}},"21":{"start":{"line":25,"column":8},"end":{"line":25,"column":17}},"22":{"start":{"line":29,"column":0},"end":{"line":36,"column":1}}},"fnMap":{"0":{"name":"(anonymous_0)","decl":{"start":{"line":3,"column":15},"end":{"line":3,"column":16}},"loc":{"start":{"line":3,"column":23},"end":{"line":3,"column":108}},"line":3},"1":{"name":"(anonymous_1)","decl":{"start":{"line":4,"column":22},"end":{"line":4,"column":23}},"loc":{"start":{"line":4,"column":31},"end":{"line":4,"column":45}},"line":4},"2":{"name":"(anonymous_2)","decl":{"start":{"line":5,"column":23},"end":{"line":5,"column":24}},"loc":{"start":{"line":5,"column":30},"end":{"line":5,"column":41}},"line":5},"3":{"name":"(anonymous_3)","decl":{"start":{"line":6,"column":17},"end":{"line":6,"column":18}},"loc":{"start":{"line":6,"column":23},"end":{"line":12,"column":1}},"line":6},"4":{"name":"(anonymous_4)","decl":{"start":{"line":16,"column":19},"end":{"line":16,"column":20}},"loc":{"start":{"line":16,"column":76},"end":{"line":27,"column":1}},"line":16},"5":{"name":"(anonymous_5)","decl":{"start":{"line":16,"column":76},"end":{"line":16,"column":77}},"loc":{"start":{"line":16,"column":88},"end":{"line":27,"column":1}},"line":16}},"branchMap":{},"s":{"0":1,"1":1,"2":1,"3":1,"4":1,"5":1,"6":1,"7":1,"8":1,"9":1,"10":1,"11":1,"12":1,"13":1,"14":3,"15":2,"16":2,"17":2,"18":2,"19":1,"20":1,"21":1,"22":1},"f":{"0":1,"1":1,"2":1,"3":1,"4":3,"5":2},"b":{},"_coverageSchema":"43e27e138ebf9cfc5966b082cf9a028302ed4184","hash":"7091599979a7eb6d72a17169a22ed4b1b1496823"}
,"C:\\Users\\Pichau\\Desktop\\projetos\\fullstack\\convert-money\\lib\\convert.js": {"path":"C:\\Users\\Pichau\\Desktop\\projetos\\fullstack\\convert-money\\lib\\convert.js","statementMap":{"0":{"start":{"line":1,"column":16},"end":{"line":3,"column":1}},"1":{"start":{"line":2,"column":4},"end":{"line":2,"column":31}},"2":{"start":{"line":5,"column":16},"end":{"line":7,"column":1}},"3":{"start":{"line":6,"column":4},"end":{"line":6,"column":39}},"4":{"start":{"line":9,"column":0},"end":{"line":9,"column":38}}},"fnMap":{"0":{"name":"(anonymous_0)","decl":{"start":{"line":1,"column":16},"end":{"line":1,"column":17}},"loc":{"start":{"line":1,"column":41},"end":{"line":3,"column":1}},"line":1},"1":{"name":"(anonymous_1)","decl":{"start":{"line":5,"column":16},"end":{"line":5,"column":17}},"loc":{"start":{"line":5,"column":27},"end":{"line":7,"column":1}},"line":5}},"branchMap":{},"s":{"0":1,"1":2,"2":1,"3":2,"4":1},"f":{"0":2,"1":2},"b":{},"_coverageSchema":"43e27e138ebf9cfc5966b082cf9a028302ed4184","hash":"8613a6bc4de60620ba49eda9c0bfedc9221543c5"}
}
