{"C:\\Users\\Pichau\\Desktop\\projetos\\fullstack\\convert-money\\lib\\bcb-api.js": {"path":"C:\\Users\\Pichau\\Desktop\\projetos\\fullstack\\convert-money\\lib\\bcb-api.js","statementMap":{"0":{"start":{"line":1,"column":14},"end":{"line":1,"column":30}},"1":{"start":{"line":3,"column":15},"end":{"line":3,"column":228}},"2":{"start":{"line":3,"column":23},"end":{"line":3,"column":228}},"3":{"start":{"line":4,"column":22},"end":{"line":4,"column":45}},"4":{"start":{"line":4,"column":31},"end":{"line":4,"column":45}},"5":{"start":{"line":5,"column":23},"end":{"line":5,"column":60}},"6":{"start":{"line":5,"column":30},"end":{"line":5,"column":60}},"7":{"start":{"line":6,"column":17},"end":{"line":9,"column":1}},"8":{"start":{"line":7,"column":18},"end":{"line":7,"column":28}},"9":{"start":{"line":8,"column":4},"end":{"line":8,"column":85}},"10":{"start":{"line":13,"column":19},"end":{"line":24,"column":1}},"11":{"start":{"line":13,"column":76},"end":{"line":24,"column":1}},"12":{"start":{"line":14,"column":4},"end":{"line":23,"column":5}},"13":{"start":{"line":15,"column":22},"end":{"line":15,"column":32}},"14":{"start":{"line":16,"column":20},"end":{"line":16,"column":33}},"15":{"start":{"line":17,"column":20},"end":{"line":17,"column":44}},"16":{"start":{"line":18,"column":24},"end":{"line":18,"column":43}},"17":{"start":{"line":19,"column":8},"end":{"line":19,"column":22}},"18":{"start":{"line":22,"column":8},"end":{"line":22,"column":17}},"19":{"start":{"line":26,"column":0},"end":{"line":33,"column":1}}},"fnMap":{"0":{"name":"(anonymous_0)","decl":{"start":{"line":3,"column":15},"end":{"line":3,"column":16}},"loc":{"start":{"line":3,"column":23},"end":{"line":3,"column":228}},"line":3},"1":{"name":"(anonymous_1)","decl":{"start":{"line":4,"column":22},"end":{"line":4,"column":23}},"loc":{"start":{"line":4,"column":31},"end":{"line":4,"column":45}},"line":4},"2":{"name":"(anonymous_2)","decl":{"start":{"line":5,"column":23},"end":{"line":5,"column":24}},"loc":{"start":{"line":5,"column":30},"end":{"line":5,"column":60}},"line":5},"3":{"name":"(anonymous_3)","decl":{"start":{"line":6,"column":17},"end":{"line":6,"column":18}},"loc":{"start":{"line":6,"column":23},"end":{"line":9,"column":1}},"line":6},"4":{"name":"(anonymous_4)","decl":{"start":{"line":13,"column":19},"end":{"line":13,"column":20}},"loc":{"start":{"line":13,"column":76},"end":{"line":24,"column":1}},"line":13},"5":{"name":"(anonymous_5)","decl":{"start":{"line":13,"column":76},"end":{"line":13,"column":77}},"loc":{"start":{"line":13,"column":88},"end":{"line":24,"column":1}},"line":13}},"branchMap":{},"s":{"0":1,"1":1,"2":1,"3":1,"4":1,"5":1,"6":1,"7":1,"8":1,"9":1,"10":1,"11":3,"12":2,"13":2,"14":2,"15":2,"16":1,"17":1,"18":1,"19":1},"f":{"0":1,"1":1,"2":1,"3":1,"4":3,"5":2},"b":{},"_coverageSchema":"43e27e138ebf9cfc5966b082cf9a028302ed4184","hash":"17e3518253ab42f07b71ba32de9a651a79551e31"}
,"C:\\Users\\Pichau\\Desktop\\projetos\\fullstack\\convert-money\\lib\\convert.js": {"path":"C:\\Users\\Pichau\\Desktop\\projetos\\fullstack\\convert-money\\lib\\convert.js","statementMap":{"0":{"start":{"line":1,"column":16},"end":{"line":3,"column":1}},"1":{"start":{"line":2,"column":4},"end":{"line":2,"column":31}},"2":{"start":{"line":5,"column":16},"end":{"line":7,"column":1}},"3":{"start":{"line":6,"column":4},"end":{"line":6,"column":39}},"4":{"start":{"line":9,"column":0},"end":{"line":9,"column":38}}},"fnMap":{"0":{"name":"(anonymous_0)","decl":{"start":{"line":1,"column":16},"end":{"line":1,"column":17}},"loc":{"start":{"line":1,"column":41},"end":{"line":3,"column":1}},"line":1},"1":{"name":"(anonymous_1)","decl":{"start":{"line":5,"column":16},"end":{"line":5,"column":17}},"loc":{"start":{"line":5,"column":27},"end":{"line":7,"column":1}},"line":5}},"branchMap":{},"s":{"0":1,"1":2,"2":1,"3":2,"4":1},"f":{"0":2,"1":2},"b":{},"_coverageSchema":"43e27e138ebf9cfc5966b082cf9a028302ed4184","hash":"8613a6bc4de60620ba49eda9c0bfedc9221543c5"}
}
